<?xml version="1.0" encoding="UTF-8"?>
<!-- Generated by org.testng.reporters.JUnitReportReporter -->
<testsuite skipped="0" hostname="Saiful-PC" name="Practice1.comFaceTest" tests="4" failures="0" timestamp="2020-05-25T18:40:55 EDT" time="1.396" errors="0">
  <testcase name="facebrowser" time="0.186" classname="Practice1.comFaceTest"/>
  <system-out/>
  <testcase name="facebrowser" time="0.373" classname="Practice1.comFaceTest"/>
  <system-out/>
  <testcase name="facebrowser" time="0.299" classname="Practice1.comFaceTest"/>
  <system-out/>
  <testcase name="facebrowser" time="0.538" classname="Practice1.comFaceTest"/>
  <system-out/>
</testsuite> <!-- Practice1.comFaceTest -->
