<?xml version="1.0" encoding="UTF-8"?>
<!-- Generated by org.testng.reporters.JUnitReportReporter -->
<testsuite skipped="0" hostname="Saiful-PC" name="Practice1.comFaceTest" tests="4" failures="0" timestamp="2020-05-25T18:19:16 EDT" time="72.431" errors="0">
  <testcase name="facebrowser" time="17.036" classname="Practice1.comFaceTest"/>
  <system-out/>
  <testcase name="facebrowser" time="19.949" classname="Practice1.comFaceTest"/>
  <system-out/>
  <testcase name="facebrowser" time="16.681" classname="Practice1.comFaceTest"/>
  <system-out/>
  <testcase name="facebrowser" time="18.765" classname="Practice1.comFaceTest"/>
  <system-out/>
</testsuite> <!-- Practice1.comFaceTest -->
